<?xml version="1.0" encoding="UTF-8"?>
<!-- Generated by org.testng.reporters.JUnitReportReporter -->
<testsuite hostname="L-INE-29T8V93" failures="0" tests="1" name="com.TestNG05jul.passingValue" time="0.007" errors="0" timestamp="2023-07-05T15:09:19 IST" skipped="0">
  <testcase classname="com.TestNG05jul.passingValue" name="ParameterDemo" time="0.007"/>
</testsuite> <!-- com.TestNG05jul.passingValue -->
