<?xml version="1.0" encoding="UTF-8"?>
<!-- Generated by org.testng.reporters.JUnitReportReporter -->
<testsuite hostname="L-INE-29T8V93" failures="0" tests="2" name="com.TestNG05jul.Coding" time="0.006" errors="0" timestamp="2023-07-05T16:46:37 IST" skipped="0">
  <testcase classname="com.TestNG05jul.Coding" name="Bootstrap" time="0.005"/>
  <testcase classname="com.TestNG05jul.Coding" name="Shootscript" time="0.001"/>
</testsuite> <!-- com.TestNG05jul.Coding -->
