<?xml version="1.0" encoding="UTF-8"?>
<!-- Generated by org.testng.reporters.JUnitReportReporter -->
<testsuite hostname="L-INE-29T8V93" failures="0" tests="4" name="com.TestNG04jul.Car" time="0.008" errors="0" timestamp="2023-07-05T12:52:28 IST" skipped="1">
  <testcase classname="com.TestNG04jul.Car" name="enterKey" time="0.006"/>
  <testcase classname="com.TestNG04jul.Car" name="StartIgnition" time="0.001"/>
  <testcase classname="com.TestNG04jul.Car" name="changeGear" time="0.001"/>
  <testcase classname="com.TestNG04jul.Car" name="playMusic">
    <skipped/>
  </testcase> <!-- playMusic -->
</testsuite> <!-- com.TestNG04jul.Car -->
