<?xml version="1.0" encoding="UTF-8"?>
<!-- Generated by org.testng.reporters.JUnitReportReporter -->
<testsuite hostname="L-INE-29T8V93" failures="0" tests="2" name="com.TestNG04jul.TGDemo1" time="2.779" errors="0" timestamp="2023-07-04T12:08:16 IST" skipped="0">
  <testcase classname="com.TestNG04jul.TGDemo1" name="openGoogle" time="2.132"/>
  <testcase classname="com.TestNG04jul.TGDemo1" name="openBing" time="0.647"/>
</testsuite> <!-- com.TestNG04jul.TGDemo1 -->
