<?xml version="1.0" encoding="UTF-8"?>
<!-- Generated by org.testng.reporters.JUnitReportReporter -->
<testsuite hostname="L-INE-29T8V93" failures="0" tests="4" name="com.TestNG04jul.NewTest" time="0.017" errors="0" timestamp="2023-07-04T12:15:05 IST" skipped="0">
  <testcase classname="com.TestNG04jul.NewTest" name="insertCard" time="0.010"/>
  <testcase classname="com.TestNG04jul.NewTest" name="enterCredentials" time="0.001"/>
  <testcase classname="com.TestNG04jul.NewTest" name="withDraw" time="0.001"/>
  <testcase classname="com.TestNG04jul.NewTest" name="retriveCard" time="0.005"/>
</testsuite> <!-- com.TestNG04jul.NewTest -->
