<?xml version="1.0" encoding="UTF-8"?>
<!-- Generated by org.testng.reporters.JUnitReportReporter -->
<testsuite hostname="L-INE-29T8V93" failures="0" tests="1" name="com.TestNG10jul.logBasicProp" time="0.016" errors="0" timestamp="2023-07-10T11:26:44 IST" skipped="0">
  <testcase classname="com.TestNG10jul.logBasicProp" name="Logging" time="0.016"/>
</testsuite> <!-- com.TestNG10jul.logBasicProp -->
