<?xml version="1.0" encoding="UTF-8"?>
<!-- Generated by org.testng.reporters.JUnitReportReporter -->
<testsuite hostname="L-INE-29T8V93" failures="0" tests="2" name="com.TestNG06jul.priority" time="0.006" errors="0" timestamp="2023-07-06T12:22:44 IST" skipped="0">
  <testcase classname="com.TestNG06jul.priority" name="method2" time="0.005"/>
  <testcase classname="com.TestNG06jul.priority" name="method3" time="0.001"/>
</testsuite> <!-- com.TestNG06jul.priority -->
