<?xml version="1.0" encoding="UTF-8"?>
<!-- Generated by org.testng.reporters.JUnitReportReporter -->
<testsuite hostname="L-INE-29T8V93" failures="0" tests="2" name="com.TestNG05jul.Skip" time="0.010" errors="0" timestamp="2023-07-05T14:29:12 IST" skipped="1">
  <testcase classname="com.TestNG05jul.Skip" name="Method1" time="0.009"/>
  <testcase classname="com.TestNG05jul.Skip" name="method2" time="0.001">
    <skipped/>
  </testcase> <!-- method2 -->
</testsuite> <!-- com.TestNG05jul.Skip -->
