<?xml version="1.0" encoding="UTF-8"?>
<!-- Generated by org.testng.reporters.JUnitReportReporter -->
<testsuite hostname="L-INE-29T8V93" failures="0" tests="1" name="com.TestNG06jul.Login_Orange" time="13.796" errors="0" timestamp="2023-07-06T15:57:25 IST" skipped="0">
  <testcase classname="com.TestNG06jul.Login_Orange" name="login" time="13.796"/>
</testsuite> <!-- com.TestNG06jul.Login_Orange -->
