<?xml version="1.0" encoding="UTF-8"?>
<!-- Generated by org.testng.reporters.JUnitReportReporter -->
<testsuite hostname="L-INE-29T8V93" failures="0" tests="1" name="NewTest" time="0.006" errors="0" timestamp="2023-07-04T11:45:03 IST" skipped="0">
  <testcase classname="NewTest" name="f" time="0.006"/>
</testsuite> <!-- NewTest -->
