<?xml version="1.0" encoding="UTF-8"?>
<!-- Generated by org.testng.reporters.JUnitReportReporter -->
<testsuite hostname="L-INE-29T8V93" failures="0" tests="3" name="com.TestNG06jul.TransformerTest" time="0.011" errors="0" timestamp="2023-07-06T14:32:12 IST" skipped="0">
  <testcase classname="com.TestNG06jul.TransformerTest" name="change" time="0.002"/>
  <testcase classname="com.TestNG06jul.TransformerTest" name="change" time="0.008"/>
  <testcase classname="com.TestNG06jul.TransformerTest" name="change" time="0.001"/>
</testsuite> <!-- com.TestNG06jul.TransformerTest -->
