<?xml version="1.0" encoding="UTF-8"?>
<!-- Generated by org.testng.reporters.JUnitReportReporter -->
<testsuite hostname="L-INE-29T8V93" failures="0" tests="1" name="com.Log4july07.Demo1" time="0.018" errors="0" timestamp="2023-07-07T11:16:29 IST" skipped="0">
  <testcase classname="com.Log4july07.Demo1" name="log" time="0.018"/>
</testsuite> <!-- com.Log4july07.Demo1 -->
