<?xml version="1.0" encoding="UTF-8"?>
<!-- Generated by org.testng.reporters.JUnitReportReporter -->
<testsuite hostname="L-INE-29T8V93" failures="0" tests="1" name="com.TestNG10jul.LogUsingXml" time="0.120" errors="0" timestamp="2023-07-11T09:47:42 IST" skipped="0">
  <testcase classname="com.TestNG10jul.LogUsingXml" name="method1" time="0.120"/>
</testsuite> <!-- com.TestNG10jul.LogUsingXml -->
