<?xml version="1.0" encoding="UTF-8"?>
<!-- Generated by org.testng.reporters.JUnitReportReporter -->
<testsuite hostname="L-INE-29T8V93" failures="0" tests="1" name="com.TestNG06jul.sauceDemoPage" time="11.456" errors="0" timestamp="2023-07-06T17:09:25 IST" skipped="0">
  <testcase classname="com.TestNG06jul.sauceDemoPage" name="login" time="11.456"/>
</testsuite> <!-- com.TestNG06jul.sauceDemoPage -->
