<?xml version="1.0" encoding="UTF-8"?>
<!-- Generated by org.testng.reporters.JUnitReportReporter -->
<testsuite hostname="L-INE-29T8V93" failures="0" tests="4" name="com.DataDrivenModel.DDMdemo2" time="36.351" errors="0" timestamp="2023-07-14T10:03:03 IST" skipped="0">
  <testcase classname="com.DataDrivenModel.DDMdemo2" name="loginUsongJXL" time="8.901"/>
  <testcase classname="com.DataDrivenModel.DDMdemo2" name="loginUsongJXL" time="8.265"/>
  <testcase classname="com.DataDrivenModel.DDMdemo2" name="loginUsongJXL" time="12.790"/>
  <testcase classname="com.DataDrivenModel.DDMdemo2" name="loginUsongJXL" time="6.395"/>
</testsuite> <!-- com.DataDrivenModel.DDMdemo2 -->
